{"C:\\Users\\mgdev\\Desktop\\test-wompi\\backend\\src\\services\\paymentProvider.ts": {"path":"C:\\Users\\mgdev\\Desktop\\test-wompi\\backend\\src\\services\\paymentProvider.ts","statementMap":{"0":{"start":{"line":42,"column":0},"end":{"line":42,"column":16}},"1":{"start":{"line":10,"column":4},"end":{"line":38,"column":7}},"2":{"start":{"line":11,"column":6},"end":{"line":37,"column":15}},"3":{"start":{"line":13,"column":8},"end":{"line":16,"column":9}},"4":{"start":{"line":14,"column":10},"end":{"line":14,"column":68}},"5":{"start":{"line":15,"column":10},"end":{"line":15,"column":17}},"6":{"start":{"line":19,"column":23},"end":{"line":19,"column":36}},"7":{"start":{"line":22,"column":8},"end":{"line":36,"column":9}},"8":{"start":{"line":23,"column":10},"end":{"line":23,"column":37}},"9":{"start":{"line":26,"column":13},"end":{"line":36,"column":9}},"10":{"start":{"line":27,"column":10},"end":{"line":27,"column":68}},"11":{"start":{"line":30,"column":13},"end":{"line":36,"column":9}},"12":{"start":{"line":31,"column":10},"end":{"line":31,"column":63}},"13":{"start":{"line":35,"column":10},"end":{"line":35,"column":63}},"14":{"start":{"line":5,"column":0},"end":{"line":5,"column":13}},"15":{"start":{"line":43,"column":2},"end":{"line":43,"column":28}}},"fnMap":{"0":{"name":"(anonymous_0)","decl":{"start":{"line":6,"column":2},"end":{"line":6,"column":7}},"loc":{"start":{"line":8,"column":22},"end":{"line":39,"column":3}}},"1":{"name":"(anonymous_1)","decl":{"start":{"line":10,"column":23},"end":{"line":10,"column":24}},"loc":{"start":{"line":10,"column":35},"end":{"line":38,"column":5}}},"2":{"name":"(anonymous_2)","decl":{"start":{"line":11,"column":17},"end":{"line":11,"column":20}},"loc":{"start":{"line":11,"column":22},"end":{"line":37,"column":7}}},"3":{"name":"getPaymentProvider","decl":{"start":{"line":42,"column":16},"end":{"line":42,"column":34}},"loc":{"start":{"line":42,"column":34},"end":{"line":44,"column":1}}}},"branchMap":{"0":{"loc":{"start":{"line":13,"column":8},"end":{"line":16,"column":9}},"type":"if","locations":[{"start":{"line":13,"column":8},"end":{"line":16,"column":9}},{"start":{},"end":{}}]},"1":{"loc":{"start":{"line":22,"column":8},"end":{"line":36,"column":9}},"type":"if","locations":[{"start":{"line":22,"column":8},"end":{"line":36,"column":9}},{"start":{"line":26,"column":13},"end":{"line":36,"column":9}}]},"2":{"loc":{"start":{"line":26,"column":13},"end":{"line":36,"column":9}},"type":"if","locations":[{"start":{"line":26,"column":13},"end":{"line":36,"column":9}},{"start":{"line":30,"column":13},"end":{"line":36,"column":9}}]},"3":{"loc":{"start":{"line":30,"column":13},"end":{"line":36,"column":9}},"type":"if","locations":[{"start":{"line":30,"column":13},"end":{"line":36,"column":9}},{"start":{"line":34,"column":13},"end":{"line":36,"column":9}}]}},"s":{"0":1,"1":5,"2":5,"3":5,"4":2,"5":2,"6":3,"7":3,"8":2,"9":1,"10":1,"11":0,"12":0,"13":0,"14":1,"15":2},"f":{"0":5,"1":5,"2":5,"3":2},"b":{"0":[2,3],"1":[2,1],"2":[1,0],"3":[0,0]}}
,"C:\\Users\\mgdev\\Desktop\\test-wompi\\backend\\src\\use-cases\\getProducts.ts": {"path":"C:\\Users\\mgdev\\Desktop\\test-wompi\\backend\\src\\use-cases\\getProducts.ts","statementMap":{"0":{"start":{"line":4,"column":0},"end":{"line":4,"column":7}},"1":{"start":{"line":1,"column":0},"end":{"line":1,"column":70}},"2":{"start":{"line":5,"column":2},"end":{"line":5,"column":37}}},"fnMap":{"0":{"name":"getProducts","decl":{"start":{"line":4,"column":22},"end":{"line":4,"column":33}},"loc":{"start":{"line":4,"column":33},"end":{"line":6,"column":1}}}},"branchMap":{},"s":{"0":1,"1":1,"2":3},"f":{"0":3},"b":{}}
,"C:\\Users\\mgdev\\Desktop\\test-wompi\\backend\\src\\use-cases\\processPayment.ts": {"path":"C:\\Users\\mgdev\\Desktop\\test-wompi\\backend\\src\\use-cases\\processPayment.ts","statementMap":{"0":{"start":{"line":9,"column":0},"end":{"line":9,"column":7}},"1":{"start":{"line":1,"column":0},"end":{"line":1,"column":72}},"2":{"start":{"line":2,"column":0},"end":{"line":2,"column":78}},"3":{"start":{"line":3,"column":0},"end":{"line":3,"column":72}},"4":{"start":{"line":4,"column":0},"end":{"line":4,"column":70}},"5":{"start":{"line":5,"column":0},"end":{"line":5,"column":65}},"6":{"start":{"line":6,"column":0},"end":{"line":6,"column":61}},"7":{"start":{"line":10,"column":18},"end":{"line":10,"column":66}},"8":{"start":{"line":12,"column":2},"end":{"line":14,"column":3}},"9":{"start":{"line":13,"column":4},"end":{"line":13,"column":52}},"10":{"start":{"line":16,"column":2},"end":{"line":18,"column":3}},"11":{"start":{"line":17,"column":4},"end":{"line":17,"column":47}},"12":{"start":{"line":20,"column":19},"end":{"line":25,"column":4}},"13":{"start":{"line":27,"column":17},"end":{"line":27,"column":39}},"14":{"start":{"line":29,"column":22},"end":{"line":34,"column":4}},"15":{"start":{"line":36,"column":2},"end":{"line":36,"column":73}},"16":{"start":{"line":38,"column":26},"end":{"line":38,"column":46}},"17":{"start":{"line":39,"column":24},"end":{"line":39,"column":85}},"18":{"start":{"line":41,"column":2},"end":{"line":69,"column":3}},"19":{"start":{"line":42,"column":4},"end":{"line":42,"column":74}},"20":{"start":{"line":43,"column":4},"end":{"line":43,"column":71}},"21":{"start":{"line":45,"column":4},"end":{"line":49,"column":7}},"22":{"start":{"line":51,"column":4},"end":{"line":55,"column":6}},"23":{"start":{"line":57,"column":4},"end":{"line":57,"column":71}},"24":{"start":{"line":60,"column":24},"end":{"line":60,"column":64}},"25":{"start":{"line":61,"column":81},"end":{"line":65,"column":6}},"26":{"start":{"line":67,"column":18},"end":{"line":67,"column":68}},"27":{"start":{"line":68,"column":4},"end":{"line":68,"column":29}}},"fnMap":{"0":{"name":"processPayment","decl":{"start":{"line":9,"column":22},"end":{"line":9,"column":36}},"loc":{"start":{"line":9,"column":57},"end":{"line":70,"column":1}}}},"branchMap":{"0":{"loc":{"start":{"line":12,"column":2},"end":{"line":14,"column":3}},"type":"if","locations":[{"start":{"line":12,"column":2},"end":{"line":14,"column":3}},{"start":{},"end":{}}]},"1":{"loc":{"start":{"line":16,"column":2},"end":{"line":18,"column":3}},"type":"if","locations":[{"start":{"line":16,"column":2},"end":{"line":18,"column":3}},{"start":{},"end":{}}]},"2":{"loc":{"start":{"line":41,"column":2},"end":{"line":69,"column":3}},"type":"if","locations":[{"start":{"line":41,"column":2},"end":{"line":69,"column":3}},{"start":{"line":56,"column":9},"end":{"line":69,"column":3}}]},"3":{"loc":{"start":{"line":60,"column":24},"end":{"line":60,"column":64}},"type":"binary-expr","locations":[{"start":{"line":60,"column":24},"end":{"line":60,"column":44}},{"start":{"line":60,"column":48},"end":{"line":60,"column":64}}]},"4":{"loc":{"start":{"line":67,"column":18},"end":{"line":67,"column":68}},"type":"binary-expr","locations":[{"start":{"line":67,"column":18},"end":{"line":67,"column":39}},{"start":{"line":67,"column":43},"end":{"line":67,"column":68}}]}},"s":{"0":1,"1":1,"2":1,"3":1,"4":1,"5":1,"6":1,"7":3,"8":3,"9":1,"10":2,"11":1,"12":1,"13":1,"14":1,"15":1,"16":1,"17":1,"18":1,"19":1,"20":1,"21":1,"22":1,"23":0,"24":0,"25":0,"26":0,"27":0},"f":{"0":3},"b":{"0":[1,2],"1":[1,1],"2":[1,0],"3":[0,0],"4":[0,0]}}
}
