TN:
SF:src\services\paymentProvider.ts
FN:6,(anonymous_0)
FN:10,(anonymous_1)
FN:11,(anonymous_2)
FN:42,getPaymentProvider
FNF:4
FNH:4
FNDA:5,(anonymous_0)
FNDA:5,(anonymous_1)
FNDA:5,(anonymous_2)
FNDA:2,getPaymentProvider
DA:5,1
DA:10,5
DA:11,5
DA:13,5
DA:14,2
DA:15,2
DA:19,3
DA:22,3
DA:23,2
DA:26,1
DA:27,1
DA:30,0
DA:31,0
DA:35,0
DA:42,1
DA:43,2
LF:16
LH:13
BRDA:13,0,0,2
BRDA:13,0,1,3
BRDA:22,1,0,2
BRDA:22,1,1,1
BRDA:26,2,0,1
BRDA:26,2,1,0
BRDA:30,3,0,0
BRDA:30,3,1,0
BRF:8
BRH:5
end_of_record
TN:
SF:src\use-cases\getProducts.ts
FN:4,getProducts
FNF:1
FNH:1
FNDA:3,getProducts
DA:1,1
DA:4,1
DA:5,3
LF:3
LH:3
BRF:0
BRH:0
end_of_record
TN:
SF:src\use-cases\processPayment.ts
FN:9,processPayment
FNF:1
FNH:1
FNDA:3,processPayment
DA:1,1
DA:2,1
DA:3,1
DA:4,1
DA:5,1
DA:6,1
DA:9,1
DA:10,3
DA:12,3
DA:13,1
DA:16,2
DA:17,1
DA:20,1
DA:27,1
DA:29,1
DA:36,1
DA:38,1
DA:39,1
DA:41,1
DA:42,1
DA:43,1
DA:45,1
DA:51,1
DA:57,0
DA:60,0
DA:61,0
DA:67,0
DA:68,0
LF:28
LH:23
BRDA:12,0,0,1
BRDA:12,0,1,2
BRDA:16,1,0,1
BRDA:16,1,1,1
BRDA:41,2,0,1
BRDA:41,2,1,0
BRDA:60,3,0,0
BRDA:60,3,1,0
BRDA:67,4,0,0
BRDA:67,4,1,0
BRF:10
BRH:5
end_of_record
